2024-06-24 18:15:09.072 [info] Log level: Info
2024-06-24 18:15:09.072 [info] Validating found git in: "git"
2024-06-24 18:15:09.072 [info] Using git "2.34.1" from "git"
2024-06-24 18:15:09.072 [info] > git rev-parse --show-toplevel [4ms]
2024-06-24 18:15:09.072 [info] fatal: not a git repository (or any of the parent directories): .git
2024-06-24 18:15:09.072 [info] > git rev-parse --show-toplevel [3ms]
2024-06-24 18:15:09.072 [info] fatal: not a git repository (or any of the parent directories): .git
2024-06-24 18:15:09.075 [info] > git rev-parse --show-toplevel [1ms]
2024-06-24 18:15:09.075 [info] fatal: not a git repository (or any of the parent directories): .git
2024-06-24 18:15:13.611 [info] > git rev-parse --show-toplevel [1ms]
2024-06-24 18:15:13.611 [info] fatal: not a git repository (or any of the parent directories): .git
2024-06-24 18:18:18.278 [info] > git rev-parse --show-toplevel [7ms]
2024-06-24 18:18:18.279 [info] fatal: not a git repository (or any of the parent directories): .git
2024-06-24 18:18:48.985 [info] > git rev-parse --show-toplevel [3ms]
2024-06-24 18:18:48.985 [info] fatal: not a git repository (or any of the parent directories): .git
2024-06-24 18:18:56.436 [info] > git rev-parse --show-toplevel [0ms]
2024-06-24 18:18:56.436 [info] fatal: not a git repository (or any of the parent directories): .git
2024-06-24 18:19:58.899 [info] > git rev-parse --show-toplevel [7ms]
2024-06-24 18:19:58.899 [info] fatal: not a git repository (or any of the parent directories): .git
2024-06-24 18:20:03.015 [info] > git rev-parse --show-toplevel [1ms]
2024-06-24 18:20:03.015 [info] fatal: not a git repository (or any of the parent directories): .git
2024-06-24 18:20:12.179 [info] > git rev-parse --show-toplevel [0ms]
2024-06-24 18:20:12.179 [info] fatal: not a git repository (or any of the parent directories): .git
2024-06-24 18:21:09.158 [info] > git rev-parse --show-toplevel [1ms]
2024-06-24 18:21:09.158 [info] fatal: not a git repository (or any of the parent directories): .git
