2024-06-24 19:18:34.607 [info] Log level: Info
2024-06-24 19:18:34.607 [info] Validating found git in: "git"
2024-06-24 19:18:34.607 [info] Using git "2.34.1" from "git"
2024-06-24 19:18:34.607 [info] > git rev-parse --show-toplevel [2ms]
2024-06-24 19:18:34.607 [info] > git rev-parse --git-dir --git-common-dir [24ms]
2024-06-24 19:18:34.607 [info] Open repository: /home/atonl
2024-06-24 19:18:34.609 [info] > git rev-parse --show-toplevel [4ms]
2024-06-24 19:18:34.610 [info] > git config --get commit.template [7ms]
2024-06-24 19:18:34.621 [info] > git for-each-ref --format=%(refname)%00%(upstream:short)%00%(objectname)%00%(upstream:track)%00%(upstream:remotename)%00%(upstream:remoteref) refs/heads/master refs/remotes/master [6ms]
2024-06-24 19:18:34.624 [info] > git rev-parse --show-toplevel [11ms]
2024-06-24 19:18:34.629 [info] > git rev-parse --show-toplevel [1ms]
2024-06-24 19:18:34.635 [info] > git rev-parse --show-toplevel [3ms]
2024-06-24 19:18:34.640 [info] > git rev-parse --show-toplevel [1ms]
2024-06-24 19:18:34.784 [info] > git status -z -uall [159ms]
2024-06-24 19:18:34.794 [info] > git config --get commit.template [4ms]
2024-06-24 19:18:34.794 [info] > git for-each-ref --format=%(refname)%00%(upstream:short)%00%(objectname)%00%(upstream:track)%00%(upstream:remotename)%00%(upstream:remoteref) refs/heads/master refs/remotes/master [2ms]
2024-06-24 19:18:34.819 [info] > git status -z -uall [21ms]
2024-06-24 19:18:35.127 [info] > git check-ignore -v -z --stdin [3ms]
2024-06-24 19:18:35.158 [info] > git show --textconv :web.html [2ms]
2024-06-24 19:18:35.160 [info] > git ls-files --stage -- /home/atonl/web.html [2ms]
2024-06-24 19:18:35.163 [info] > git cat-file -s fd06b62c66a63324bafcabcd7095404c7d28cc7e [1ms]
2024-06-24 19:18:36.996 [info] > git config --get commit.template [2ms]
2024-06-24 19:18:36.996 [info] > git for-each-ref --format=%(refname)%00%(upstream:short)%00%(objectname)%00%(upstream:track)%00%(upstream:remotename)%00%(upstream:remoteref) refs/heads/master refs/remotes/master [1ms]
2024-06-24 19:18:37.015 [info] > git status -z -uall [17ms]
2024-06-24 19:18:42.021 [info] > git config --get commit.template [1ms]
2024-06-24 19:18:42.024 [info] > git for-each-ref --format=%(refname)%00%(upstream:short)%00%(objectname)%00%(upstream:track)%00%(upstream:remotename)%00%(upstream:remoteref) refs/heads/master refs/remotes/master [1ms]
2024-06-24 19:18:42.043 [info] > git status -z -uall [17ms]
2024-06-24 19:18:47.051 [info] > git config --get commit.template [3ms]
2024-06-24 19:18:47.051 [info] > git for-each-ref --format=%(refname)%00%(upstream:short)%00%(objectname)%00%(upstream:track)%00%(upstream:remotename)%00%(upstream:remoteref) refs/heads/master refs/remotes/master [1ms]
2024-06-24 19:18:47.070 [info] > git status -z -uall [17ms]
2024-06-24 19:18:52.077 [info] > git config --get commit.template [3ms]
2024-06-24 19:18:52.077 [info] > git for-each-ref --format=%(refname)%00%(upstream:short)%00%(objectname)%00%(upstream:track)%00%(upstream:remotename)%00%(upstream:remoteref) refs/heads/master refs/remotes/master [1ms]
2024-06-24 19:18:52.098 [info] > git status -z -uall [19ms]
2024-06-24 19:18:57.104 [info] > git config --get commit.template [2ms]
2024-06-24 19:18:57.105 [info] > git for-each-ref --format=%(refname)%00%(upstream:short)%00%(objectname)%00%(upstream:track)%00%(upstream:remotename)%00%(upstream:remoteref) refs/heads/master refs/remotes/master [1ms]
2024-06-24 19:18:57.128 [info] > git status -z -uall [21ms]
2024-06-24 19:19:02.134 [info] > git config --get commit.template [2ms]
2024-06-24 19:19:02.134 [info] > git for-each-ref --format=%(refname)%00%(upstream:short)%00%(objectname)%00%(upstream:track)%00%(upstream:remotename)%00%(upstream:remoteref) refs/heads/master refs/remotes/master [1ms]
2024-06-24 19:19:02.155 [info] > git status -z -uall [19ms]
2024-06-24 19:19:07.162 [info] > git config --get commit.template [3ms]
2024-06-24 19:19:07.162 [info] > git for-each-ref --format=%(refname)%00%(upstream:short)%00%(objectname)%00%(upstream:track)%00%(upstream:remotename)%00%(upstream:remoteref) refs/heads/master refs/remotes/master [1ms]
2024-06-24 19:19:07.183 [info] > git status -z -uall [19ms]
2024-06-24 19:19:15.005 [info] > git config --get commit.template [3ms]
2024-06-24 19:19:15.006 [info] > git for-each-ref --format=%(refname)%00%(upstream:short)%00%(objectname)%00%(upstream:track)%00%(upstream:remotename)%00%(upstream:remoteref) refs/heads/master refs/remotes/master [2ms]
2024-06-24 19:19:15.239 [info] > git status -z -uall [232ms]
2024-06-24 19:19:20.248 [info] > git config --get commit.template [3ms]
2024-06-24 19:19:20.249 [info] > git for-each-ref --format=%(refname)%00%(upstream:short)%00%(objectname)%00%(upstream:track)%00%(upstream:remotename)%00%(upstream:remoteref) refs/heads/master refs/remotes/master [2ms]
2024-06-24 19:19:20.269 [info] > git status -z -uall [18ms]
2024-06-24 19:19:25.276 [info] > git config --get commit.template [2ms]
2024-06-24 19:19:25.277 [info] > git for-each-ref --format=%(refname)%00%(upstream:short)%00%(objectname)%00%(upstream:track)%00%(upstream:remotename)%00%(upstream:remoteref) refs/heads/master refs/remotes/master [1ms]
2024-06-24 19:19:25.297 [info] > git status -z -uall [19ms]
